[2025-12-27 18:50:40] ==============================================================
[2025-12-27 18:50:40] üöÄ Starting Q-HAS: Quantum-Hierarchical Adaptive Steering Pipeline - Variational Workflow
[2025-12-27 18:50:40] Mode: simulator | Backend: aer | Shots: 100000 | Method: COBYLA
[2025-12-27 18:50:40] Script Path: /Users/Sayu/Desktop/BA_Proj/src
[2025-12-27 18:50:40] Output Dir: /Users/Sayu/Desktop/BA_Proj/data
[2025-12-27 18:50:40] Input File: /Users/Sayu/Desktop/BA_Proj/input/mapping_input.json
[2025-12-27 18:50:40] ==============================================================
[2025-12-27 18:50:40] üßπ Cleaning previous results...
[2025-12-27 18:50:40] ‚û°Ô∏è Stage: Main Pipeline
[2025-12-27 18:50:40] ‚û°Ô∏è Stage: Main Pipeline
[2025-12-27 18:50:40] Running: python /Users/Sayu/Desktop/BA_Proj/src/pipeline.py --out-dir /Users/Sayu/Desktop/BA_Proj/data --mode simulator --grid-size 4 --dns-resolution 256 --t-max 1.0 --dt 0.01 --hybrid-dt 0.1 --depth 1 --backend aer --shots 100000 --method COBYLA
[2025-12-27 18:50:40] Running: python /Users/Sayu/Desktop/BA_Proj/src/pipeline.py --out-dir /Users/Sayu/Desktop/BA_Proj/data --mode simulator --grid-size 4 --dns-resolution 256 --t-max 1.0 --dt 0.01 --hybrid-dt 0.1 --depth 1 --backend aer --shots 100000 --method COBYLA
Initialisation Orszag-Tang (Grille 4x4)...
Initialisation Orszag-Tang (Grille 4x4)...
--- Step 0: Quantum Risk Assessment (Recursion) ---
--- Step 0: Quantum Risk Assessment (Recursion) ---
Traceback (most recent call last):
  File "/Users/Sayu/Desktop/BA_Proj/src/pipeline.py", line 113, in <module>
Traceback (most recent call last):
  File "/Users/Sayu/Desktop/BA_Proj/src/pipeline.py", line 113, in <module>
    main()
    main()
  File "/Users/Sayu/Desktop/BA_Proj/src/pipeline.py", line 82, in main
  File "/Users/Sayu/Desktop/BA_Proj/src/pipeline.py", line 82, in main
    U_pred, root_info, current_depth=0, max_depth=D_MAX, 
    U_pred, root_info, current_depth=0, max_depth=D_MAX, 
                                                  ^^^^^
                                                  ^^^^^
NameError: name 'D_MAX' is not defined. Did you mean: 'T_MAX'?
NameError: name 'D_MAX' is not defined. Did you mean: 'T_MAX'?
