[2025-12-27 17:23:07] ==============================================================
[2025-12-27 17:23:07] üöÄ Starting Q-HAS: Quantum-Hierarchical Adaptive Steering Pipeline - Variational Workflow
[2025-12-27 17:23:07] Mode: simulator | Backend: aer | Shots: 100000 | Method: COBYLA
[2025-12-27 17:23:07] Script Path: /Users/Sayu/Desktop/BA_Proj/src
[2025-12-27 17:23:07] Output Dir: /Users/Sayu/Desktop/BA_Proj/data
[2025-12-27 17:23:07] Input File: /Users/Sayu/Desktop/BA_Proj/input/mapping_input.json
[2025-12-27 17:23:07] ==============================================================
[2025-12-27 17:23:07] üßπ Cleaning previous results...
[2025-12-27 17:23:07] ‚û°Ô∏è Stage: Main Pipeline
[2025-12-27 17:23:07] ‚û°Ô∏è Stage: Main Pipeline
[2025-12-27 17:23:07] Running: python /Users/Sayu/Desktop/BA_Proj/src/pipeline.py --out-dir /Users/Sayu/Desktop/BA_Proj/data --mode simulator --grid-size 2 --dns-resolution 256 --t-max 1.0 --dt 0.01 --hybrid-dt 0.1 --depth 1 --backend aer --shots 100000 --method COBYLA
[2025-12-27 17:23:07] Running: python /Users/Sayu/Desktop/BA_Proj/src/pipeline.py --out-dir /Users/Sayu/Desktop/BA_Proj/data --mode simulator --grid-size 2 --dns-resolution 256 --t-max 1.0 --dt 0.01 --hybrid-dt 0.1 --depth 1 --backend aer --shots 100000 --method COBYLA
üîπ Detected Conda environment: qiskit-project
üîπ Detected Conda environment: qiskit-project
[2025-12-27 17:23:11] ==============================================================
[2025-12-27 17:23:11] ==============================================================
[2025-12-27 17:23:11] üöÄ Starting Quantum Pipeline
[2025-12-27 17:23:11] üöÄ Starting Quantum Pipeline
[2025-12-27 17:23:11] Mode: simulator | Backend: aer | Shots: 100000 | Method: COBYLA
[2025-12-27 17:23:11] Mode: simulator | Backend: aer | Shots: 100000 | Method: COBYLA
[2025-12-27 17:23:11] Script Path: /Users/Sayu/Desktop/BA_Proj/src/VQA
[2025-12-27 17:23:11] Script Path: /Users/Sayu/Desktop/BA_Proj/src/VQA
[2025-12-27 17:23:11] Output Dir: /Users/Sayu/Desktop/BA_Proj/data
[2025-12-27 17:23:11] Output Dir: /Users/Sayu/Desktop/BA_Proj/data
[2025-12-27 17:23:11] Input File: /Users/Sayu/Desktop/BA_Proj/data/vqa_input.json
[2025-12-27 17:23:11] Input File: /Users/Sayu/Desktop/BA_Proj/data/vqa_input.json
[2025-12-27 17:23:11] ==============================================================
[2025-12-27 17:23:11] ==============================================================
[2025-12-27 17:23:11] ‚û°Ô∏è Stage: TEST
[2025-12-27 17:23:11] ‚û°Ô∏è Stage: TEST
[2025-12-27 17:23:11] Running: python /Users/Sayu/Desktop/BA_Proj/src/VQA/TEST1.py --in-file /Users/Sayu/Desktop/BA_Proj/data/vqa_input.json --out-file /Users/Sayu/Desktop/BA_Proj/data/vqa_output.json --numqbits 8
[2025-12-27 17:23:11] Running: python /Users/Sayu/Desktop/BA_Proj/src/VQA/TEST1.py --in-file /Users/Sayu/Desktop/BA_Proj/data/vqa_input.json --out-file /Users/Sayu/Desktop/BA_Proj/data/vqa_output.json --numqbits 8
--- [VQA WORKER] D√©marrage ---
‚úÖ Input Lu avec succ√®s.
   -> Theta_h: 2 angles
   -> Theta_v: 2 angles
‚öôÔ∏è  G√©n√©ration de 1000 shots pour 8 qubits...
üìä R√©sultat Counts (Extrait): [('00100001', 411), ('10001101', 91), ('10011000', 98)] ...
üíæ Probabilit√©s sauvegard√©es dans: /Users/Sayu/Desktop/BA_Proj/data/vqa_output.json
üíæ Counts bruts sauvegard√©s dans : /Users/Sayu/Desktop/BA_Proj/data/debug_counts.json
--- [VQA WORKER] D√©marrage ---
‚úÖ Input Lu avec succ√®s.
   -> Theta_h: 2 angles
   -> Theta_v: 2 angles
‚öôÔ∏è  G√©n√©ration de 1000 shots pour 8 qubits...
üìä R√©sultat Counts (Extrait): [('00100001', 411), ('10001101', 91), ('10011000', 98)] ...
üíæ Probabilit√©s sauvegard√©es dans: /Users/Sayu/Desktop/BA_Proj/data/vqa_output.json
üíæ Counts bruts sauvegard√©s dans : /Users/Sayu/Desktop/BA_Proj/data/debug_counts.json
[2025-12-27 17:23:12] ‚úÖ Stage 'TEST' completed successfully.
[2025-12-27 17:23:12] ‚úÖ Stage 'TEST' completed successfully.
Initialisation Orszag-Tang (Grille 2x2)...
Lancement pour 100 pas de temps...
‚ùå Erreur critique dans le VQA Shell: Command '['bash', '/Users/Sayu/Desktop/BA_Proj/src/run_VQA_pipeline.sh', '--in-file', '/Users/Sayu/Desktop/BA_Proj/data/vqa_input.json', '--out-dir', '/Users/Sayu/Desktop/BA_Proj/data', '--out-file', '/Users/Sayu/Desktop/BA_Proj/data/vqa_output.json', '--backend', 'aer', '--method', 'COBYLA', '--mode', 'simulator', '--opt_level', '1', '--shots', '100000', '--depth', '1', '--numqbits', '8']' returned non-zero exit status 1.
Traceback (most recent call last):
  File "/Users/Sayu/Desktop/BA_Proj/src/pipeline.py", line 183, in <module>
Initialisation Orszag-Tang (Grille 2x2)...
Lancement pour 100 pas de temps...
‚ùå Erreur critique dans le VQA Shell: Command '['bash', '/Users/Sayu/Desktop/BA_Proj/src/run_VQA_pipeline.sh', '--in-file', '/Users/Sayu/Desktop/BA_Proj/data/vqa_input.json', '--out-dir', '/Users/Sayu/Desktop/BA_Proj/data', '--out-file', '/Users/Sayu/Desktop/BA_Proj/data/vqa_output.json', '--backend', 'aer', '--method', 'COBYLA', '--mode', 'simulator', '--opt_level', '1', '--shots', '100000', '--depth', '1', '--numqbits', '8']' returned non-zero exit status 1.
Traceback (most recent call last):
  File "/Users/Sayu/Desktop/BA_Proj/src/pipeline.py", line 183, in <module>
    main()
  File "/Users/Sayu/Desktop/BA_Proj/src/pipeline.py", line 128, in main
    main()
  File "/Users/Sayu/Desktop/BA_Proj/src/pipeline.py", line 128, in main
    patches_to_create = grid.decode_refinement_patches(
    patches_to_create = grid.decode_refinement_patches(
                        ^^^^^^^^^^^^^^^^^^^^^^^^^^^^^^^
                        ^^^^^^^^^^^^^^^^^^^^^^^^^^^^^^^
  File "/Users/Sayu/Desktop/BA_Proj/src/Simulation/grid.py", line 70, in decode_refinement_patches
  File "/Users/Sayu/Desktop/BA_Proj/src/Simulation/grid.py", line 70, in decode_refinement_patches
    probs_h = np.array(vqa_probs[:num_edges]).reshape((self.N, self.N))
    probs_h = np.array(vqa_probs[:num_edges]).reshape((self.N, self.N))
                       ~~~~~~~~~^^^^^^^^^^^^
                       ~~~~~~~~~^^^^^^^^^^^^
TypeError: 'NoneType' object is not subscriptable
TypeError: 'NoneType' object is not subscriptable
