[2025-12-27 18:20:23] ==============================================================
[2025-12-27 18:20:23] üöÄ Starting Q-HAS: Quantum-Hierarchical Adaptive Steering Pipeline - Variational Workflow
[2025-12-27 18:20:23] Mode: simulator | Backend: aer | Shots: 100000 | Method: COBYLA
[2025-12-27 18:20:23] Script Path: /Users/Sayu/Desktop/BA_Proj/src
[2025-12-27 18:20:23] Output Dir: /Users/Sayu/Desktop/BA_Proj/data
[2025-12-27 18:20:23] Input File: /Users/Sayu/Desktop/BA_Proj/input/mapping_input.json
[2025-12-27 18:20:23] ==============================================================
[2025-12-27 18:20:23] üßπ Cleaning previous results...
[2025-12-27 18:20:23] ‚û°Ô∏è Stage: Main Pipeline
[2025-12-27 18:20:23] ‚û°Ô∏è Stage: Main Pipeline
[2025-12-27 18:20:23] Running: python /Users/Sayu/Desktop/BA_Proj/src/pipeline.py --out-dir /Users/Sayu/Desktop/BA_Proj/data --mode simulator --grid-size 2 --dns-resolution 256 --t-max 1.0 --dt 0.01 --hybrid-dt 0.1 --depth 1 --backend aer --shots 100000 --method COBYLA
[2025-12-27 18:20:23] Running: python /Users/Sayu/Desktop/BA_Proj/src/pipeline.py --out-dir /Users/Sayu/Desktop/BA_Proj/data --mode simulator --grid-size 2 --dns-resolution 256 --t-max 1.0 --dt 0.01 --hybrid-dt 0.1 --depth 1 --backend aer --shots 100000 --method COBYLA
Initialisation Orszag-Tang (Grille 2x2)...
Initialisation Orszag-Tang (Grille 2x2)...
Lancement pour 100 pas de temps...
Lancement pour 100 pas de temps...
üîπ Detected Conda environment: qiskit-project
üîπ Detected Conda environment: qiskit-project
[2025-12-27 18:20:29] ==============================================================
[2025-12-27 18:20:29] ==============================================================
[2025-12-27 18:20:29] üöÄ Starting Quantum Pipeline
[2025-12-27 18:20:29] üöÄ Starting Quantum Pipeline
[2025-12-27 18:20:29] Mode: simulator | Backend: aer | Shots: 100000 | Method: COBYLA
[2025-12-27 18:20:29] Mode: simulator | Backend: aer | Shots: 100000 | Method: COBYLA
[2025-12-27 18:20:29] Script Path: /Users/Sayu/Desktop/BA_Proj/src/VQA
[2025-12-27 18:20:29] Script Path: /Users/Sayu/Desktop/BA_Proj/src/VQA
[2025-12-27 18:20:29] Output Dir: /Users/Sayu/Desktop/BA_Proj/data
[2025-12-27 18:20:29] Output Dir: /Users/Sayu/Desktop/BA_Proj/data
[2025-12-27 18:20:29] Input File: /Users/Sayu/Desktop/BA_Proj/data/vqa_input.json
[2025-12-27 18:20:29] Input File: /Users/Sayu/Desktop/BA_Proj/data/vqa_input.json
[2025-12-27 18:20:29] ==============================================================
[2025-12-27 18:20:29] ==============================================================
[2025-12-27 18:20:29] ‚û°Ô∏è Stage: TEST
[2025-12-27 18:20:29] ‚û°Ô∏è Stage: TEST
[2025-12-27 18:20:29] Running: python /Users/Sayu/Desktop/BA_Proj/src/VQA/TEST1.py --in-file /Users/Sayu/Desktop/BA_Proj/data/vqa_input.json --out-file /Users/Sayu/Desktop/BA_Proj/data/vqa_output.json --numqbits 8
[2025-12-27 18:20:29] Running: python /Users/Sayu/Desktop/BA_Proj/src/VQA/TEST1.py --in-file /Users/Sayu/Desktop/BA_Proj/data/vqa_input.json --out-file /Users/Sayu/Desktop/BA_Proj/data/vqa_output.json --numqbits 8
--- [VQA WORKER] D√©marrage ---
‚úÖ Input Lu avec succ√®s.
   -> Theta_h: 2 angles
   -> Theta_v: 2 angles
‚öôÔ∏è  G√©n√©ration de 1000 shots pour 8 qubits...
üìä R√©sultat Counts (Extrait): [('01111111', 428), ('11001111', 158), ('01110111', 139)] ...
üíæ Probabilit√©s sauvegard√©es dans: /Users/Sayu/Desktop/BA_Proj/data/vqa_output.json
üíæ Counts bruts sauvegard√©s dans : /Users/Sayu/Desktop/BA_Proj/data/debug_counts.json
--- [VQA WORKER] D√©marrage ---
‚úÖ Input Lu avec succ√®s.
   -> Theta_h: 2 angles
   -> Theta_v: 2 angles
‚öôÔ∏è  G√©n√©ration de 1000 shots pour 8 qubits...
üìä R√©sultat Counts (Extrait): [('01111111', 428), ('11001111', 158), ('01110111', 139)] ...
üíæ Probabilit√©s sauvegard√©es dans: /Users/Sayu/Desktop/BA_Proj/data/vqa_output.json
üíæ Counts bruts sauvegard√©s dans : /Users/Sayu/Desktop/BA_Proj/data/debug_counts.json
[2025-12-27 18:20:29] ‚úÖ Stage 'TEST' completed successfully.
[2025-12-27 18:20:29] ‚úÖ Stage 'TEST' completed successfully.
[2025-12-27 18:20:29] ==============================================================
[2025-12-27 18:20:29] ==============================================================
[2025-12-27 18:20:29] üéâ Q-HAS Variational pipeline completed successfully!
[2025-12-27 18:20:29] üéâ Q-HAS Variational pipeline completed successfully!
[2025-12-27 18:20:29] Results saved in: /Users/Sayu/Desktop/BA_Proj/data
[2025-12-27 18:20:29] Results saved in: /Users/Sayu/Desktop/BA_Proj/data
[2025-12-27 18:20:29] Full log: /Users/Sayu/Desktop/BA_Proj/data/../logs/pipeline[2025-12-27_18-20-26].log
[2025-12-27 18:20:29] Full log: /Users/Sayu/Desktop/BA_Proj/data/../logs/pipeline[2025-12-27_18-20-26].log
[2025-12-27 18:20:29] ==============================================================
[2025-12-27 18:20:29] ==============================================================
VQA Probabilities: [0.95  0.85  0.674 0.702 0.719 0.864 0.764 0.934]
VQA Probabilities: [0.95  0.85  0.674 0.702 0.719 0.864 0.764 0.934]
Traceback (most recent call last):
  File "/Users/Sayu/Desktop/BA_Proj/src/pipeline.py", line 164, in <module>
Traceback (most recent call last):
  File "/Users/Sayu/Desktop/BA_Proj/src/pipeline.py", line 164, in <module>
    main()
    main()
  File "/Users/Sayu/Desktop/BA_Proj/src/pipeline.py", line 138, in main
  File "/Users/Sayu/Desktop/BA_Proj/src/pipeline.py", line 138, in main
    active_patches = refinement(patches_to_create, sim, grid, DT)
    active_patches = refinement(patches_to_create, sim, grid, DT)
                     ^^^^^^^^^^^^^^^^^^^^^^^^^^^^^^^^^^^^^^^^^^^^
  File "/Users/Sayu/Desktop/BA_Proj/src/Simulation/refinement.py", line 31, in refinement
                     ^^^^^^^^^^^^^^^^^^^^^^^^^^^^^^^^^^^^^^^^^^^^
  File "/Users/Sayu/Desktop/BA_Proj/src/Simulation/refinement.py", line 31, in refinement
    fine_sim = MHDSolver(fine_grid, dt=DT/factor, Re=500, Rm=500)
               ^^^^^^^^^
    fine_sim = MHDSolver(fine_grid, dt=DT/factor, Re=500, Rm=500)
               ^^^^^^^^^
NameError: name 'MHDSolver' is not defined
NameError: name 'MHDSolver' is not defined
